[11:45:25] [main/INFO]: Environment: authHost='https://authserver.mojang.com', accountsHost='https://api.mojang.com', sessionHost='https://sessionserver.mojang.com', servicesHost='https://api.minecraftservices.com', name='PROD'
[11:45:25] [main/WARN]: Ambiguity between arguments [teleport, destination] and [teleport, targets] with inputs: [Player, 0123, @e, dd12be42-52a9-4a91-a8a1-11c01849e498]
[11:45:25] [main/WARN]: Ambiguity between arguments [teleport, location] and [teleport, destination] with inputs: [0.1 -0.5 .9, 0 0 0]
[11:45:25] [main/WARN]: Ambiguity between arguments [teleport, location] and [teleport, targets] with inputs: [0.1 -0.5 .9, 0 0 0]
[11:45:25] [main/WARN]: Ambiguity between arguments [teleport, targets] and [teleport, destination] with inputs: [Player, 0123, dd12be42-52a9-4a91-a8a1-11c01849e498]
[11:45:25] [main/WARN]: Ambiguity between arguments [teleport, targets, location] and [teleport, targets, destination] with inputs: [0.1 -0.5 .9, 0 0 0]
[11:45:25] [main/INFO]: Reloading ResourceManager: Default
[11:45:25] [Worker-Main-10/INFO]: Loaded 7 recipes
[11:45:26] [Worker-Main-10/INFO]: Loaded 927 advancements
[11:45:27] [Server console handler/ERROR]: Exception handling console input
java.io.IOException: Das Handle ist ungültig
	at java.io.FileInputStream.readBytes(Native Method) ~[?:?]
	at java.io.FileInputStream.read(FileInputStream.java:271) ~[?:?]
	at java.io.BufferedInputStream.read1(BufferedInputStream.java:282) ~[?:?]
	at java.io.BufferedInputStream.read(BufferedInputStream.java:343) ~[?:?]
	at sun.nio.cs.StreamDecoder.readBytes(StreamDecoder.java:297) ~[?:?]
	at sun.nio.cs.StreamDecoder.implRead(StreamDecoder.java:339) ~[?:?]
	at sun.nio.cs.StreamDecoder.read(StreamDecoder.java:188) ~[?:?]
	at java.io.InputStreamReader.read(InputStreamReader.java:181) ~[?:?]
	at java.io.BufferedReader.fill(BufferedReader.java:161) ~[?:?]
	at java.io.BufferedReader.readLine(BufferedReader.java:326) ~[?:?]
	at java.io.BufferedReader.readLine(BufferedReader.java:392) ~[?:?]
	at zg$1.run(SourceFile:95) [server.jar:?]
[11:45:27] [Server thread/INFO]: Starting minecraft server version 1.16.4
[11:45:27] [Server thread/INFO]: Loading properties
[11:45:27] [Server thread/INFO]: Default game type: SURVIVAL
[11:45:27] [Server thread/INFO]: Generating keypair
[11:45:28] [Server thread/INFO]: Starting Minecraft server on *:25565
[11:45:28] [Server thread/INFO]: Using default channel type
[11:45:28] [Server thread/INFO]: Preparing level "world"
[11:45:32] [Server thread/INFO]: Preparing start region for dimension minecraft:overworld
[11:45:32] [Worker-Main-9/INFO]: Preparing spawn area: 0%
[11:45:32] [Worker-Main-7/INFO]: Preparing spawn area: 0%
[11:45:33] [Worker-Main-9/INFO]: Preparing spawn area: 0%
[11:45:33] [Worker-Main-8/INFO]: Preparing spawn area: 1%
[11:45:34] [Worker-Main-6/INFO]: Preparing spawn area: 3%
[11:45:34] [Worker-Main-6/INFO]: Preparing spawn area: 3%
[11:45:35] [Worker-Main-6/INFO]: Preparing spawn area: 7%
[11:45:35] [Worker-Main-9/INFO]: Preparing spawn area: 15%
[11:45:36] [Worker-Main-9/INFO]: Preparing spawn area: 15%
[11:45:36] [Worker-Main-9/INFO]: Preparing spawn area: 19%
[11:45:37] [Worker-Main-6/INFO]: Preparing spawn area: 19%
[11:45:37] [Worker-Main-6/INFO]: Preparing spawn area: 24%
[11:45:38] [Worker-Main-9/INFO]: Preparing spawn area: 34%
[11:45:38] [Worker-Main-8/INFO]: Preparing spawn area: 37%
[11:45:39] [Worker-Main-10/INFO]: Preparing spawn area: 45%
[11:45:39] [Worker-Main-7/INFO]: Preparing spawn area: 51%
[11:45:40] [Worker-Main-6/INFO]: Preparing spawn area: 52%
[11:45:40] [Worker-Main-8/INFO]: Preparing spawn area: 58%
[11:45:41] [Worker-Main-7/INFO]: Preparing spawn area: 65%
[11:45:41] [Worker-Main-8/INFO]: Preparing spawn area: 71%
[11:45:42] [Worker-Main-6/INFO]: Preparing spawn area: 78%
[11:45:42] [Worker-Main-7/INFO]: Preparing spawn area: 83%
[11:45:43] [Worker-Main-9/INFO]: Preparing spawn area: 88%
[11:45:43] [Worker-Main-9/INFO]: Preparing spawn area: 96%
[11:45:43] [Server thread/INFO]: Time elapsed: 11822 ms
[11:45:43] [Server thread/INFO]: Done (15.470s)! For help, type "help"
[11:45:43] [Server thread/INFO]: Stopping server
[11:45:43] [Server thread/INFO]: Saving players
[11:45:43] [Server thread/INFO]: Saving worlds
[11:45:43] [Server thread/INFO]: Saving chunks for level 'ServerLevel[world]'/minecraft:overworld
[11:45:45] [Server thread/INFO]: ThreadedAnvilChunkStorage (world): All chunks are saved
[11:45:45] [Server thread/INFO]: Saving chunks for level 'ServerLevel[world]'/minecraft:the_nether
[11:45:45] [Server thread/INFO]: ThreadedAnvilChunkStorage (DIM-1): All chunks are saved
[11:45:45] [Server thread/INFO]: Saving chunks for level 'ServerLevel[world]'/minecraft:the_end
[11:45:45] [Server thread/INFO]: ThreadedAnvilChunkStorage (DIM1): All chunks are saved
[11:45:45] [Server thread/INFO]: ThreadedAnvilChunkStorage (world): All chunks are saved
[11:45:45] [Server thread/INFO]: ThreadedAnvilChunkStorage (DIM-1): All chunks are saved
[11:45:45] [Server thread/INFO]: ThreadedAnvilChunkStorage (DIM1): All chunks are saved
